{"C:\\Users\\NATHANIEL\\Desktop\\Medhelm Supplies\\server\\controllers\\authController.js": {"path":"C:\\Users\\NATHANIEL\\Desktop\\Medhelm Supplies\\server\\controllers\\authController.js","statementMap":{"0":{"start":{"line":1,"column":15},"end":{"line":1,"column":34}},"1":{"start":{"line":2,"column":12},"end":{"line":2,"column":35}},"2":{"start":{"line":3,"column":15},"end":{"line":3,"column":32}},"3":{"start":{"line":4,"column":13},"end":{"line":4,"column":38}},"4":{"start":{"line":5,"column":22},"end":{"line":5,"column":54}},"5":{"start":{"line":6,"column":48},"end":{"line":6,"column":83}},"6":{"start":{"line":9,"column":34},"end":{"line":11,"column":1}},"7":{"start":{"line":10,"column":4},"end":{"line":10,"column":50}},"8":{"start":{"line":14,"column":17},"end":{"line":85,"column":1}},"9":{"start":{"line":15,"column":4},"end":{"line":84,"column":5}},"10":{"start":{"line":16,"column":26},"end":{"line":16,"column":67}},"11":{"start":{"line":17,"column":8},"end":{"line":19,"column":9}},"12":{"start":{"line":18,"column":12},"end":{"line":18,"column":77}},"13":{"start":{"line":21,"column":67},"end":{"line":21,"column":75}},"14":{"start":{"line":24,"column":29},"end":{"line":26,"column":10}},"15":{"start":{"line":28,"column":8},"end":{"line":32,"column":9}},"16":{"start":{"line":29,"column":12},"end":{"line":31,"column":15}},"17":{"start":{"line":35,"column":31},"end":{"line":35,"column":62}},"18":{"start":{"line":38,"column":34},"end":{"line":38,"column":61}},"19":{"start":{"line":39,"column":40},"end":{"line":39,"column":82}},"20":{"start":{"line":42,"column":21},"end":{"line":51,"column":10}},"21":{"start":{"line":53,"column":8},"end":{"line":53,"column":26}},"22":{"start":{"line":56,"column":32},"end":{"line":56,"column":101}},"23":{"start":{"line":58,"column":8},"end":{"line":68,"column":11}},"24":{"start":{"line":70,"column":8},"end":{"line":79,"column":11}},"25":{"start":{"line":82,"column":8},"end":{"line":82,"column":52}},"26":{"start":{"line":83,"column":8},"end":{"line":83,"column":76}},"27":{"start":{"line":88,"column":20},"end":{"line":112,"column":1}},"28":{"start":{"line":89,"column":4},"end":{"line":111,"column":5}},"29":{"start":{"line":90,"column":26},"end":{"line":90,"column":35}},"30":{"start":{"line":92,"column":21},"end":{"line":95,"column":10}},"31":{"start":{"line":97,"column":8},"end":{"line":99,"column":9}},"32":{"start":{"line":98,"column":12},"end":{"line":98,"column":92}},"33":{"start":{"line":101,"column":8},"end":{"line":101,"column":31}},"34":{"start":{"line":102,"column":8},"end":{"line":102,"column":43}},"35":{"start":{"line":103,"column":8},"end":{"line":103,"column":49}},"36":{"start":{"line":104,"column":8},"end":{"line":104,"column":26}},"37":{"start":{"line":106,"column":8},"end":{"line":106,"column":81}},"38":{"start":{"line":109,"column":8},"end":{"line":109,"column":58}},"39":{"start":{"line":110,"column":8},"end":{"line":110,"column":82}},"40":{"start":{"line":115,"column":14},"end":{"line":178,"column":1}},"41":{"start":{"line":116,"column":4},"end":{"line":177,"column":5}},"42":{"start":{"line":117,"column":26},"end":{"line":117,"column":56}},"43":{"start":{"line":118,"column":8},"end":{"line":120,"column":9}},"44":{"start":{"line":119,"column":12},"end":{"line":119,"column":77}},"45":{"start":{"line":122,"column":36},"end":{"line":122,"column":44}},"46":{"start":{"line":125,"column":21},"end":{"line":125,"column":50}},"47":{"start":{"line":126,"column":8},"end":{"line":128,"column":9}},"48":{"start":{"line":127,"column":12},"end":{"line":127,"column":74}},"49":{"start":{"line":131,"column":8},"end":{"line":135,"column":9}},"50":{"start":{"line":132,"column":12},"end":{"line":134,"column":15}},"51":{"start":{"line":138,"column":24},"end":{"line":138,"column":69}},"52":{"start":{"line":139,"column":8},"end":{"line":141,"column":9}},"53":{"start":{"line":140,"column":12},"end":{"line":140,"column":74}},"54":{"start":{"line":144,"column":22},"end":{"line":148,"column":9}},"55":{"start":{"line":151,"column":29},"end":{"line":155,"column":9}},"56":{"start":{"line":158,"column":8},"end":{"line":158,"column":36}},"57":{"start":{"line":159,"column":8},"end":{"line":159,"column":26}},"58":{"start":{"line":161,"column":8},"end":{"line":172,"column":11}},"59":{"start":{"line":175,"column":8},"end":{"line":175,"column":45}},"60":{"start":{"line":176,"column":8},"end":{"line":176,"column":69}},"61":{"start":{"line":181,"column":27},"end":{"line":220,"column":1}},"62":{"start":{"line":182,"column":4},"end":{"line":219,"column":5}},"63":{"start":{"line":183,"column":26},"end":{"line":183,"column":34}},"64":{"start":{"line":185,"column":21},"end":{"line":185,"column":69}},"65":{"start":{"line":186,"column":8},"end":{"line":190,"column":9}},"66":{"start":{"line":187,"column":12},"end":{"line":189,"column":15}},"67":{"start":{"line":193,"column":34},"end":{"line":193,"column":61}},"68":{"start":{"line":194,"column":40},"end":{"line":194,"column":82}},"69":{"start":{"line":196,"column":8},"end":{"line":196,"column":51}},"70":{"start":{"line":197,"column":8},"end":{"line":197,"column":63}},"71":{"start":{"line":198,"column":8},"end":{"line":198,"column":26}},"72":{"start":{"line":201,"column":32},"end":{"line":201,"column":101}},"73":{"start":{"line":203,"column":8},"end":{"line":212,"column":11}},"74":{"start":{"line":214,"column":8},"end":{"line":214,"column":70}},"75":{"start":{"line":217,"column":8},"end":{"line":217,"column":59}},"76":{"start":{"line":218,"column":8},"end":{"line":218,"column":56}},"77":{"start":{"line":223,"column":23},"end":{"line":261,"column":1}},"78":{"start":{"line":224,"column":4},"end":{"line":260,"column":5}},"79":{"start":{"line":225,"column":26},"end":{"line":225,"column":34}},"80":{"start":{"line":227,"column":21},"end":{"line":227,"column":50}},"81":{"start":{"line":228,"column":8},"end":{"line":230,"column":9}},"82":{"start":{"line":229,"column":12},"end":{"line":229,"column":69}},"83":{"start":{"line":233,"column":27},"end":{"line":233,"column":54}},"84":{"start":{"line":234,"column":33},"end":{"line":234,"column":70}},"85":{"start":{"line":236,"column":8},"end":{"line":236,"column":45}},"86":{"start":{"line":237,"column":8},"end":{"line":237,"column":57}},"87":{"start":{"line":238,"column":8},"end":{"line":238,"column":26}},"88":{"start":{"line":241,"column":25},"end":{"line":241,"column":89}},"89":{"start":{"line":243,"column":8},"end":{"line":253,"column":11}},"90":{"start":{"line":255,"column":8},"end":{"line":255,"column":72}},"91":{"start":{"line":258,"column":8},"end":{"line":258,"column":55}},"92":{"start":{"line":259,"column":8},"end":{"line":259,"column":56}},"93":{"start":{"line":264,"column":22},"end":{"line":289,"column":1}},"94":{"start":{"line":265,"column":4},"end":{"line":288,"column":5}},"95":{"start":{"line":266,"column":39},"end":{"line":266,"column":47}},"96":{"start":{"line":268,"column":21},"end":{"line":271,"column":10}},"97":{"start":{"line":273,"column":8},"end":{"line":275,"column":9}},"98":{"start":{"line":274,"column":12},"end":{"line":274,"column":85}},"99":{"start":{"line":278,"column":8},"end":{"line":278,"column":59}},"100":{"start":{"line":279,"column":8},"end":{"line":279,"column":44}},"101":{"start":{"line":280,"column":8},"end":{"line":280,"column":50}},"102":{"start":{"line":281,"column":8},"end":{"line":281,"column":26}},"103":{"start":{"line":283,"column":8},"end":{"line":283,"column":61}},"104":{"start":{"line":286,"column":8},"end":{"line":286,"column":54}},"105":{"start":{"line":287,"column":8},"end":{"line":287,"column":56}},"106":{"start":{"line":292,"column":23},"end":{"line":300,"column":1}},"107":{"start":{"line":293,"column":4},"end":{"line":299,"column":5}},"108":{"start":{"line":294,"column":21},"end":{"line":294,"column":77}},"109":{"start":{"line":295,"column":8},"end":{"line":295,"column":27}},"110":{"start":{"line":297,"column":8},"end":{"line":297,"column":56}},"111":{"start":{"line":298,"column":8},"end":{"line":298,"column":56}},"112":{"start":{"line":302,"column":0},"end":{"line":310,"column":2}}},"fnMap":{"0":{"name":"(anonymous_0)","decl":{"start":{"line":9,"column":34},"end":{"line":9,"column":35}},"loc":{"start":{"line":9,"column":40},"end":{"line":11,"column":1}},"line":9},"1":{"name":"(anonymous_1)","decl":{"start":{"line":14,"column":17},"end":{"line":14,"column":18}},"loc":{"start":{"line":14,"column":37},"end":{"line":85,"column":1}},"line":14},"2":{"name":"(anonymous_2)","decl":{"start":{"line":88,"column":20},"end":{"line":88,"column":21}},"loc":{"start":{"line":88,"column":40},"end":{"line":112,"column":1}},"line":88},"3":{"name":"(anonymous_3)","decl":{"start":{"line":115,"column":14},"end":{"line":115,"column":15}},"loc":{"start":{"line":115,"column":34},"end":{"line":178,"column":1}},"line":115},"4":{"name":"(anonymous_4)","decl":{"start":{"line":181,"column":27},"end":{"line":181,"column":28}},"loc":{"start":{"line":181,"column":47},"end":{"line":220,"column":1}},"line":181},"5":{"name":"(anonymous_5)","decl":{"start":{"line":223,"column":23},"end":{"line":223,"column":24}},"loc":{"start":{"line":223,"column":43},"end":{"line":261,"column":1}},"line":223},"6":{"name":"(anonymous_6)","decl":{"start":{"line":264,"column":22},"end":{"line":264,"column":23}},"loc":{"start":{"line":264,"column":42},"end":{"line":289,"column":1}},"line":264},"7":{"name":"(anonymous_7)","decl":{"start":{"line":292,"column":23},"end":{"line":292,"column":24}},"loc":{"start":{"line":292,"column":43},"end":{"line":300,"column":1}},"line":292}},"branchMap":{"0":{"loc":{"start":{"line":17,"column":8},"end":{"line":19,"column":9}},"type":"if","locations":[{"start":{"line":17,"column":8},"end":{"line":19,"column":9}},{"start":{},"end":{}}],"line":17},"1":{"loc":{"start":{"line":28,"column":8},"end":{"line":32,"column":9}},"type":"if","locations":[{"start":{"line":28,"column":8},"end":{"line":32,"column":9}},{"start":{},"end":{}}],"line":28},"2":{"loc":{"start":{"line":97,"column":8},"end":{"line":99,"column":9}},"type":"if","locations":[{"start":{"line":97,"column":8},"end":{"line":99,"column":9}},{"start":{},"end":{}}],"line":97},"3":{"loc":{"start":{"line":118,"column":8},"end":{"line":120,"column":9}},"type":"if","locations":[{"start":{"line":118,"column":8},"end":{"line":120,"column":9}},{"start":{},"end":{}}],"line":118},"4":{"loc":{"start":{"line":126,"column":8},"end":{"line":128,"column":9}},"type":"if","locations":[{"start":{"line":126,"column":8},"end":{"line":128,"column":9}},{"start":{},"end":{}}],"line":126},"5":{"loc":{"start":{"line":131,"column":8},"end":{"line":135,"column":9}},"type":"if","locations":[{"start":{"line":131,"column":8},"end":{"line":135,"column":9}},{"start":{},"end":{}}],"line":131},"6":{"loc":{"start":{"line":139,"column":8},"end":{"line":141,"column":9}},"type":"if","locations":[{"start":{"line":139,"column":8},"end":{"line":141,"column":9}},{"start":{},"end":{}}],"line":139},"7":{"loc":{"start":{"line":186,"column":8},"end":{"line":190,"column":9}},"type":"if","locations":[{"start":{"line":186,"column":8},"end":{"line":190,"column":9}},{"start":{},"end":{}}],"line":186},"8":{"loc":{"start":{"line":228,"column":8},"end":{"line":230,"column":9}},"type":"if","locations":[{"start":{"line":228,"column":8},"end":{"line":230,"column":9}},{"start":{},"end":{}}],"line":228},"9":{"loc":{"start":{"line":273,"column":8},"end":{"line":275,"column":9}},"type":"if","locations":[{"start":{"line":273,"column":8},"end":{"line":275,"column":9}},{"start":{},"end":{}}],"line":273}},"s":{"0":1,"1":1,"2":1,"3":1,"4":1,"5":1,"6":1,"7":0,"8":1,"9":0,"10":0,"11":0,"12":0,"13":0,"14":0,"15":0,"16":0,"17":0,"18":0,"19":0,"20":0,"21":0,"22":0,"23":0,"24":0,"25":0,"26":0,"27":1,"28":0,"29":0,"30":0,"31":0,"32":0,"33":0,"34":0,"35":0,"36":0,"37":0,"38":0,"39":0,"40":1,"41":0,"42":0,"43":0,"44":0,"45":0,"46":0,"47":0,"48":0,"49":0,"50":0,"51":0,"52":0,"53":0,"54":0,"55":0,"56":0,"57":0,"58":0,"59":0,"60":0,"61":1,"62":0,"63":0,"64":0,"65":0,"66":0,"67":0,"68":0,"69":0,"70":0,"71":0,"72":0,"73":0,"74":0,"75":0,"76":0,"77":1,"78":0,"79":0,"80":0,"81":0,"82":0,"83":0,"84":0,"85":0,"86":0,"87":0,"88":0,"89":0,"90":0,"91":0,"92":0,"93":1,"94":0,"95":0,"96":0,"97":0,"98":0,"99":0,"100":0,"101":0,"102":0,"103":0,"104":0,"105":0,"106":1,"107":0,"108":0,"109":0,"110":0,"111":0,"112":1},"f":{"0":0,"1":0,"2":0,"3":0,"4":0,"5":0,"6":0,"7":0},"b":{"0":[0,0],"1":[0,0],"2":[0,0],"3":[0,0],"4":[0,0],"5":[0,0],"6":[0,0],"7":[0,0],"8":[0,0],"9":[0,0]},"inputSourceMap":null,"_coverageSchema":"1a1c01bbd47fc00a2c39e90264f33305004495a9","hash":"8a4c2327c63831e280e5299672f1b8aa659979c3"}
,"C:\\Users\\NATHANIEL\\Desktop\\Medhelm Supplies\\server\\middleware\\validation.js": {"path":"C:\\Users\\NATHANIEL\\Desktop\\Medhelm Supplies\\server\\middleware\\validation.js","statementMap":{"0":{"start":{"line":1,"column":12},"end":{"line":1,"column":26}},"1":{"start":{"line":4,"column":31},"end":{"line":10,"column":2}},"2":{"start":{"line":13,"column":20},"end":{"line":16,"column":2}},"3":{"start":{"line":19,"column":20},"end":{"line":21,"column":2}},"4":{"start":{"line":24,"column":28},"end":{"line":27,"column":2}},"5":{"start":{"line":29,"column":0},"end":{"line":34,"column":2}}},"fnMap":{},"branchMap":{},"s":{"0":1,"1":1,"2":1,"3":1,"4":1,"5":1},"f":{},"b":{},"inputSourceMap":null,"_coverageSchema":"1a1c01bbd47fc00a2c39e90264f33305004495a9","hash":"59fb2ea2b6673f64400ccc782ca33ae638af585d"}
,"C:\\Users\\NATHANIEL\\Desktop\\Medhelm Supplies\\server\\models\\User.js": {"path":"C:\\Users\\NATHANIEL\\Desktop\\Medhelm Supplies\\server\\models\\User.js","statementMap":{"0":{"start":{"line":1,"column":17},"end":{"line":1,"column":36}},"1":{"start":{"line":3,"column":19},"end":{"line":74,"column":2}},"2":{"start":{"line":77,"column":0},"end":{"line":80,"column":3}},"3":{"start":{"line":78,"column":4},"end":{"line":78,"column":32}},"4":{"start":{"line":79,"column":4},"end":{"line":79,"column":11}},"5":{"start":{"line":82,"column":0},"end":{"line":82,"column":52}}},"fnMap":{"0":{"name":"(anonymous_0)","decl":{"start":{"line":77,"column":23},"end":{"line":77,"column":24}},"loc":{"start":{"line":77,"column":39},"end":{"line":80,"column":1}},"line":77}},"branchMap":{},"s":{"0":1,"1":1,"2":1,"3":0,"4":0,"5":1},"f":{"0":0},"b":{},"inputSourceMap":null,"_coverageSchema":"1a1c01bbd47fc00a2c39e90264f33305004495a9","hash":"36c3a2c2139544fd94044578b8641b6f8a0fcb02"}
}
