TN:
SF:server\controllers\authController.js
FN:9,(anonymous_0)
FN:14,(anonymous_1)
FN:88,(anonymous_2)
FN:115,(anonymous_3)
FN:181,(anonymous_4)
FN:223,(anonymous_5)
FN:264,(anonymous_6)
FN:292,(anonymous_7)
FNF:8
FNH:0
FNDA:0,(anonymous_0)
FNDA:0,(anonymous_1)
FNDA:0,(anonymous_2)
FNDA:0,(anonymous_3)
FNDA:0,(anonymous_4)
FNDA:0,(anonymous_5)
FNDA:0,(anonymous_6)
FNDA:0,(anonymous_7)
DA:1,1
DA:2,1
DA:3,1
DA:4,1
DA:5,1
DA:6,1
DA:9,1
DA:10,0
DA:14,1
DA:15,0
DA:16,0
DA:17,0
DA:18,0
DA:21,0
DA:24,0
DA:28,0
DA:29,0
DA:35,0
DA:38,0
DA:39,0
DA:42,0
DA:53,0
DA:56,0
DA:58,0
DA:70,0
DA:82,0
DA:83,0
DA:88,1
DA:89,0
DA:90,0
DA:92,0
DA:97,0
DA:98,0
DA:101,0
DA:102,0
DA:103,0
DA:104,0
DA:106,0
DA:109,0
DA:110,0
DA:115,1
DA:116,0
DA:117,0
DA:118,0
DA:119,0
DA:122,0
DA:125,0
DA:126,0
DA:127,0
DA:131,0
DA:132,0
DA:138,0
DA:139,0
DA:140,0
DA:144,0
DA:151,0
DA:158,0
DA:159,0
DA:161,0
DA:175,0
DA:176,0
DA:181,1
DA:182,0
DA:183,0
DA:185,0
DA:186,0
DA:187,0
DA:193,0
DA:194,0
DA:196,0
DA:197,0
DA:198,0
DA:201,0
DA:203,0
DA:214,0
DA:217,0
DA:218,0
DA:223,1
DA:224,0
DA:225,0
DA:227,0
DA:228,0
DA:229,0
DA:233,0
DA:234,0
DA:236,0
DA:237,0
DA:238,0
DA:241,0
DA:243,0
DA:255,0
DA:258,0
DA:259,0
DA:264,1
DA:265,0
DA:266,0
DA:268,0
DA:273,0
DA:274,0
DA:278,0
DA:279,0
DA:280,0
DA:281,0
DA:283,0
DA:286,0
DA:287,0
DA:292,1
DA:293,0
DA:294,0
DA:295,0
DA:297,0
DA:298,0
DA:302,1
LF:113
LH:15
BRDA:17,0,0,0
BRDA:17,0,1,0
BRDA:28,1,0,0
BRDA:28,1,1,0
BRDA:97,2,0,0
BRDA:97,2,1,0
BRDA:118,3,0,0
BRDA:118,3,1,0
BRDA:126,4,0,0
BRDA:126,4,1,0
BRDA:131,5,0,0
BRDA:131,5,1,0
BRDA:139,6,0,0
BRDA:139,6,1,0
BRDA:186,7,0,0
BRDA:186,7,1,0
BRDA:228,8,0,0
BRDA:228,8,1,0
BRDA:273,9,0,0
BRDA:273,9,1,0
BRF:20
BRH:0
end_of_record
TN:
SF:server\middleware\validation.js
FNF:0
FNH:0
DA:1,1
DA:4,1
DA:13,1
DA:19,1
DA:24,1
DA:29,1
LF:6
LH:6
BRF:0
BRH:0
end_of_record
TN:
SF:server\models\User.js
FN:77,(anonymous_0)
FNF:1
FNH:0
FNDA:0,(anonymous_0)
DA:1,1
DA:3,1
DA:77,1
DA:78,0
DA:79,0
DA:82,1
LF:6
LH:4
BRF:0
BRH:0
end_of_record
